<?xml version="1.0" encoding="UTF-8"?>
<!-- Generated by org.testng.reporters.JUnitReportReporter -->
<testsuite hostname="DESKTOP-815QQDB" failures="0" tests="2" name="qaclickacademy.Mavenjava.SeleniumTest" time="0.002" errors="0" timestamp="2022-07-20T16:57:40 IST" skipped="0">
  <testcase classname="qaclickacademy.Mavenjava.SeleniumTest" name="BrowserAutomation" time="0.001"/>
  <system-out/>
  <testcase classname="qaclickacademy.Mavenjava.SeleniumTest" name="elenmentsUi" time="0.001"/>
  <system-out/>
</testsuite> <!-- qaclickacademy.Mavenjava.SeleniumTest -->
